<?xml version="1.0" encoding="UTF-8"?>
<!-- Generated by org.testng.reporters.JUnitXMLReporter -->
<testsuite hostname="Asads-MacBook-Pro.local" name="Command line test" tests="5" failures="0" timestamp="12 Nov 2013 22:47:50 GMT" time="20.476" errors="0">
  <testcase name="testLink3" time="2.826" classname="com.bit.parallel.test.Test03"/>
  <testcase name="testTwitter" time="5.692" classname="com.bit.parallel.test.Test02"/>
  <testcase name="testBit" time="2.493" classname="com.bit.parallel.test.Test05"/>
  <testcase name="testYahoo" time="8.873" classname="com.bit.parallel.test.Test04"/>
  <testcase name="testFacebook" time="17.52" classname="com.bit.parallel.test.Test01"/>
</testsuite> <!-- Command line test -->
