<?xml version="1.0" encoding="UTF-8" ?>
<testsuite failures="0" time="20.859" errors="0" skipped="0" tests="5" name="TestSuite">
  <properties>
[...]
</properties>
  <testcase time="2.627" classname="com.bit.parallel.test.Test03" name="testLink3"/>
  <testcase time="1.027" classname="com.bit.parallel.test.Test02" name="testTwitter"/>
  <testcase time="2.493" classname="com.bit.parallel.test.Test05" name="testBit"/>
  <testcase time="4.239" classname="com.bit.parallel.test.Test04" name="testYahoo"/>
  <testcase time="13.055" classname="com.bit.parallel.test.Test01" name="testFacebook"/>
</testsuite>